# JRE version: Java(TM) SE Runtime Environment (8.0_251-b08) (build 1.8.0_251-b08)
# Java VM: Java HotSpot(TM) 64-Bit Server VM (25.251-b08 mixed mode windows-amd64 compressed oops)
Heap:
 PSYoungGen      total 198656K, used 68988K [0x00000000d5580000, 0x00000000e3000000, 0x0000000100000000)
  eden space 188928K, 31% used [0x00000000d5580000,0x00000000d8fcb1b0,0x00000000e0e00000)
  from space 9728K, 95% used [0x00000000e2680000,0x00000000e2f94170,0x00000000e3000000)
  to   space 16384K, 0% used [0x00000000e1000000,0x00000000e1000000,0x00000000e2000000)
 ParOldGen       total 141312K, used 19097K [0x0000000080000000, 0x0000000088a00000, 0x00000000d5580000)
  object space 141312K, 13% used [0x0000000080000000,0x00000000812a6440,0x0000000088a00000)
 Metaspace       used 47310K, capacity 48782K, committed 48896K, reserved 1091584K
  class space    used 6286K, capacity 6623K, committed 6656K, reserved 1048576K
GC Heap History (10 events):
Event: 6.179 GC heap before
{Heap before GC invocations=6 (full 1):
 PSYoungGen      total 106496K, used 98304K [0x00000000d5580000, 0x00000000e2380000, 0x0000000100000000)
  eden space 98304K, 100% used [0x00000000d5580000,0x00000000db580000,0x00000000db580000)
  from space 8192K, 0% used [0x00000000dbd80000,0x00000000dbd80000,0x00000000dc580000)
  to   space 8192K, 0% used [0x00000000db580000,0x00000000db580000,0x00000000dbd80000)
 ParOldGen       total 84992K, used 10469K [0x0000000080000000, 0x0000000085300000, 0x00000000d5580000)
  object space 84992K, 12% used [0x0000000080000000,0x0000000080a39670,0x0000000085300000)
 Metaspace       used 30884K, capacity 31686K, committed 32000K, reserved 1077248K
  class space    used 4280K, capacity 4528K, committed 4608K, reserved 1048576K
Event: 6.198 GC heap after
Heap after GC invocations=6 (full 1):
 PSYoungGen      total 106496K, used 8188K [0x00000000d5580000, 0x00000000e0780000, 0x0000000100000000)
  eden space 98304K, 0% used [0x00000000d5580000,0x00000000d5580000,0x00000000db580000)
  from space 8192K, 99% used [0x00000000db580000,0x00000000dbd7f010,0x00000000dbd80000)
  to   space 13824K, 0% used [0x00000000dfa00000,0x00000000dfa00000,0x00000000e0780000)
 ParOldGen       total 84992K, used 12904K [0x0000000080000000, 0x0000000085300000, 0x00000000d5580000)
  object space 84992K, 15% used [0x0000000080000000,0x0000000080c9a1a8,0x0000000085300000)
 Metaspace       used 30884K, capacity 31686K, committed 32000K, reserved 1077248K
  class space    used 4280K, capacity 4528K, committed 4608K, reserved 1048576K
}
Event: 7.044 GC heap before
{Heap before GC invocations=7 (full 1):
 PSYoungGen      total 106496K, used 80578K [0x00000000d5580000, 0x00000000e0780000, 0x0000000100000000)
  eden space 98304K, 73% used [0x00000000d5580000,0x00000000d9c31a70,0x00000000db580000)
  from space 8192K, 99% used [0x00000000db580000,0x00000000dbd7f010,0x00000000dbd80000)
  to   space 13824K, 0% used [0x00000000dfa00000,0x00000000dfa00000,0x00000000e0780000)
 ParOldGen       total 84992K, used 12904K [0x0000000080000000, 0x0000000085300000, 0x00000000d5580000)
  object space 84992K, 15% used [0x0000000080000000,0x0000000080c9a1a8,0x0000000085300000)
 Metaspace       used 34537K, capacity 35476K, committed 35496K, reserved 1079296K
  class space    used 4821K, capacity 5101K, committed 5120K, reserved 1048576K
Event: 7.069 GC heap after
Heap after GC invocations=7 (full 1):
 PSYoungGen      total 167936K, used 11437K [0x00000000d5580000, 0x00000000e0e80000, 0x0000000100000000)
  eden space 154112K, 0% used [0x00000000d5580000,0x00000000d5580000,0x00000000dec00000)
  from space 13824K, 82% used [0x00000000dfa00000,0x00000000e052b788,0x00000000e0780000)
  to   space 14336K, 0% used [0x00000000dec00000,0x00000000dec00000,0x00000000dfa00000)
 ParOldGen       total 84992K, used 12912K [0x0000000080000000, 0x0000000085300000, 0x00000000d5580000)
  object space 84992K, 15% used [0x0000000080000000,0x0000000080c9c1a8,0x0000000085300000)
 Metaspace       used 34537K, capacity 35476K, committed 35496K, reserved 1079296K
  class space    used 4821K, capacity 5101K, committed 5120K, reserved 1048576K
}
Event: 7.069 GC heap before
{Heap before GC invocations=8 (full 2):
 PSYoungGen      total 167936K, used 11437K [0x00000000d5580000, 0x00000000e0e80000, 0x0000000100000000)
  eden space 154112K, 0% used [0x00000000d5580000,0x00000000d5580000,0x00000000dec00000)
  from space 13824K, 82% used [0x00000000dfa00000,0x00000000e052b788,0x00000000e0780000)
  to   space 14336K, 0% used [0x00000000dec00000,0x00000000dec00000,0x00000000dfa00000)
 ParOldGen       total 84992K, used 12912K [0x0000000080000000, 0x0000000085300000, 0x00000000d5580000)
  object space 84992K, 15% used [0x0000000080000000,0x0000000080c9c1a8,0x0000000085300000)
 Metaspace       used 34537K, capacity 35476K, committed 35496K, reserved 1079296K
  class space    used 4821K, capacity 5101K, committed 5120K, reserved 1048576K
Event: 7.188 GC heap after
Heap after GC invocations=8 (full 2):
 PSYoungGen      total 167936K, used 0K [0x00000000d5580000, 0x00000000e0e80000, 0x0000000100000000)
  eden space 154112K, 0% used [0x00000000d5580000,0x00000000d5580000,0x00000000dec00000)
  from space 13824K, 0% used [0x00000000dfa00000,0x00000000dfa00000,0x00000000e0780000)
  to   space 14336K, 0% used [0x00000000dec00000,0x00000000dec00000,0x00000000dfa00000)
 ParOldGen       total 141312K, used 17814K [0x0000000080000000, 0x0000000088a00000, 0x00000000d5580000)
  object space 141312K, 12% used [0x0000000080000000,0x0000000081165808,0x0000000088a00000)
 Metaspace       used 34537K, capacity 35476K, committed 35496K, reserved 1079296K
  class space    used 4821K, capacity 5101K, committed 5120K, reserved 1048576K
}
Event: 17.519 GC heap before
{Heap before GC invocations=9 (full 2):
 PSYoungGen      total 167936K, used 154112K [0x00000000d5580000, 0x00000000e0e80000, 0x0000000100000000)
  eden space 154112K, 100% used [0x00000000d5580000,0x00000000dec00000,0x00000000dec00000)
  from space 13824K, 0% used [0x00000000dfa00000,0x00000000dfa00000,0x00000000e0780000)
  to   space 14336K, 0% used [0x00000000dec00000,0x00000000dec00000,0x00000000dfa00000)
 ParOldGen       total 141312K, used 17814K [0x0000000080000000, 0x0000000088a00000, 0x00000000d5580000)
  object space 141312K, 12% used [0x0000000080000000,0x0000000081165808,0x0000000088a00000)
 Metaspace       used 46213K, capacity 47690K, committed 47872K, reserved 1091584K
  class space    used 6237K, capacity 6563K, committed 6656K, reserved 1048576K
Event: 17.531 GC heap after
Heap after GC invocations=9 (full 2):
 PSYoungGen      total 168448K, used 14329K [0x00000000d5580000, 0x00000000e3780000, 0x0000000100000000)
  eden space 154112K, 0% used [0x00000000d5580000,0x00000000d5580000,0x00000000dec00000)
  from space 14336K, 99% used [0x00000000dec00000,0x00000000df9fe458,0x00000000dfa00000)
  to   space 17408K, 0% used [0x00000000e2680000,0x00000000e2680000,0x00000000e3780000)
 ParOldGen       total 141312K, used 19089K [0x0000000080000000, 0x0000000088a00000, 0x00000000d5580000)
  object space 141312K, 13% used [0x0000000080000000,0x00000000812a4440,0x0000000088a00000)
 Metaspace       used 46213K, capacity 47690K, committed 47872K, reserved 1091584K
  class space    used 6237K, capacity 6563K, committed 6656K, reserved 1048576K
}
Event: 28.112 GC heap before
{Heap before GC invocations=10 (full 2):
 PSYoungGen      total 168448K, used 168441K [0x00000000d5580000, 0x00000000e3780000, 0x0000000100000000)
  eden space 154112K, 100% used [0x00000000d5580000,0x00000000dec00000,0x00000000dec00000)
  from space 14336K, 99% used [0x00000000dec00000,0x00000000df9fe458,0x00000000dfa00000)
  to   space 17408K, 0% used [0x00000000e2680000,0x00000000e2680000,0x00000000e3780000)
 ParOldGen       total 141312K, used 19089K [0x0000000080000000, 0x0000000088a00000, 0x00000000d5580000)
  object space 141312K, 13% used [0x0000000080000000,0x00000000812a4440,0x0000000088a00000)
 Metaspace       used 47195K, capacity 48668K, committed 48896K, reserved 1091584K
  class space    used 6283K, capacity 6588K, committed 6656K, reserved 1048576K
Event: 28.119 GC heap after
Heap after GC invocations=10 (full 2):
 PSYoungGen      total 198656K, used 9296K [0x00000000d5580000, 0x00000000e3000000, 0x0000000100000000)
  eden space 188928K, 0% used [0x00000000d5580000,0x00000000d5580000,0x00000000e0e00000)
  from space 9728K, 95% used [0x00000000e2680000,0x00000000e2f94170,0x00000000e3000000)
  to   space 16384K, 0% used [0x00000000e1000000,0x00000000e1000000,0x00000000e2000000)
 ParOldGen       total 141312K, used 19097K [0x0000000080000000, 0x0000000088a00000, 0x00000000d5580000)
  object space 141312K, 13% used [0x0000000080000000,0x00000000812a6440,0x0000000088a00000)
 Metaspace       used 47195K, capacity 48668K, committed 48896K, reserved 1091584K
  class space    used 6283K, capacity 6588K, committed 6656K, reserved 1048576K
}

